<?xml version="1.0" encoding="UTF-8"?>
<!-- Generated by org.testng.reporters.JUnitReportReporter -->
<testsuite skipped="0" hostname="DESKTOP-1RV8L6R" name="com.nopcommerce.demo.testsuite.ElectronicsTest" tests="1" failures="0" timestamp="2023-05-07T09:13:47 BST" time="6.902" errors="0">
  <testcase name="verifyUserShouldNavigateToCellPhonesPageSuccessfully" time="6.902" classname="com.nopcommerce.demo.testsuite.ElectronicsTest"/>
  <system-out/>
</testsuite> <!-- com.nopcommerce.demo.testsuite.ElectronicsTest -->
